SF:lib\main.dart
DA:11,1
DA:12,1
DA:13,1
DA:14,3
DA:15,2
DA:16,1
DA:17,1
DA:18,1
DA:19,1
LF:9
LH:9
end_of_record
SF:lib\app_module.dart
DA:8,1
DA:9,1
DA:10,1
DA:11,2
DA:12,2
DA:15,1
DA:16,2
DA:17,2
DA:22,1
DA:23,1
DA:24,1
DA:26,2
DA:28,1
DA:30,0
LF:14
LH:13
end_of_record
SF:lib\src\interactor\atoms\todo_atom.dart
DA:13,1
LF:1
LH:1
end_of_record
SF:lib\src\interactor\reducers\todo_reducer.dart
DA:10,1
DA:11,6
DA:12,4
DA:13,3
DA:15,2
DA:16,1
DA:17,3
DA:23,6
DA:24,6
DA:27,5
DA:28,0
DA:29,0
DA:30,0
DA:32,0
DA:34,6
DA:35,5
DA:38,0
LF:17
LH:12
end_of_record
SF:lib\src\pages\home_page.dart
DA:11,1
DA:15,1
DA:17,1
DA:19,2
DA:20,1
DA:23,3
DA:26,1
DA:27,1
DA:29,1
DA:31,1
DA:32,0
DA:33,0
DA:36,2
DA:37,5
DA:38,3
DA:39,6
DA:40,2
LF:17
LH:15
end_of_record
SF:lib\src\pages\settings_page.dart
DA:7,1
DA:9,0
DA:11,0
DA:12,0
DA:13,0
DA:15,0
DA:17,0
DA:18,0
DA:19,0
LF:9
LH:1
end_of_record
SF:lib\app_widget.dart
DA:6,1
DA:8,1
DA:10,1
DA:13,1
DA:14,2
DA:15,2
LF:6
LH:6
end_of_record
SF:lib\src\assets\themes\light_theme.dart
DA:3,3
DA:5,1
DA:6,1
DA:7,1
LF:4
LH:4
end_of_record
SF:lib\src\modules\adapter\todo_adapter.dart
DA:11,1
LF:1
LH:1
end_of_record
SF:lib\src\modules\adapter\todo_adapter.g.dart
DA:13,1
DA:15,1
DA:16,1
DA:17,5
DA:19,1
DA:20,1
DA:21,2
DA:25,1
DA:28,1
DA:29,1
DA:30,2
DA:31,1
DA:32,2
DA:35,0
DA:36,0
DA:38,0
DA:41,0
DA:42,0
DA:43,0
LF:19
LH:13
end_of_record
SF:lib\src\modules\boxes\todo_box.dart
DA:4,1
LF:1
LH:1
end_of_record
SF:lib\src\modules\hive\hive_config\hive_config.dart
DA:7,1
DA:8,1
DA:9,3
LF:3
LH:3
end_of_record
SF:lib\src\widgets\drawer_widget.dart
DA:8,1
DA:10,0
DA:12,0
DA:13,0
DA:14,0
DA:15,0
DA:16,0
DA:40,0
DA:41,0
DA:42,0
DA:43,0
DA:46,0
DA:48,0
DA:54,0
DA:55,0
LF:15
LH:1
end_of_record
SF:lib\src\widgets\list_todo_widget.dart
DA:10,1
DA:11,1
DA:12,1
DA:17,1
DA:19,6
DA:20,1
DA:23,1
DA:25,5
DA:26,1
DA:27,3
DA:28,1
DA:30,1
DA:31,1
DA:32,1
DA:33,1
DA:34,1
LF:16
LH:16
end_of_record
SF:lib\src\widgets\save_button_widget.dart
DA:4,1
DA:8,1
DA:10,1
DA:12,1
LF:4
LH:4
end_of_record
SF:lib\src\widgets\text_field_widget.dart
DA:4,1
DA:15,1
DA:17,1
DA:19,1
DA:20,1
DA:21,1
DA:22,1
DA:23,4
DA:25,3
DA:27,1
DA:28,4
LF:11
LH:11
end_of_record
SF:lib\src\widgets\listile_widget.dart
DA:5,1
DA:15,0
DA:17,0
DA:18,0
DA:19,0
DA:20,0
DA:23,0
DA:25,0
DA:26,0
DA:27,0
DA:28,0
DA:29,0
DA:30,0
LF:13
LH:1
end_of_record
SF:lib\src\widgets\todo_card_widget.dart
DA:7,4
DA:10,1
DA:15,1
DA:17,1
DA:18,1
DA:19,1
DA:21,1
DA:22,1
DA:24,1
DA:26,1
DA:27,4
DA:28,6
DA:31,1
DA:32,1
DA:47,0
DA:49,0
DA:50,0
DA:54,0
DA:56,0
DA:58,0
DA:59,0
DA:60,0
DA:61,0
LF:23
LH:14
end_of_record
